{"C:\\Users\\marti\\OneDrive\\Desktop\\Martin\\projects\\misc\\graham-scan\\src\\GrahamScan.ts": {"path":"C:\\Users\\marti\\OneDrive\\Desktop\\Martin\\projects\\misc\\graham-scan\\src\\GrahamScan.ts","all":false,"statementMap":{"0":{"start":{"line":1,"column":0},"end":{"line":1,"column":44}},"1":{"start":{"line":2,"column":0},"end":{"line":2,"column":0}},"2":{"start":{"line":3,"column":0},"end":{"line":3,"column":56}},"3":{"start":{"line":4,"column":0},"end":{"line":4,"column":0}},"4":{"start":{"line":5,"column":0},"end":{"line":5,"column":33}},"5":{"start":{"line":6,"column":0},"end":{"line":6,"column":26}},"6":{"start":{"line":7,"column":0},"end":{"line":7,"column":0}},"7":{"start":{"line":8,"column":0},"end":{"line":8,"column":18}},"8":{"start":{"line":9,"column":0},"end":{"line":9,"column":0}},"9":{"start":{"line":10,"column":0},"end":{"line":10,"column":35}},"10":{"start":{"line":11,"column":0},"end":{"line":11,"column":29}},"11":{"start":{"line":12,"column":0},"end":{"line":12,"column":3}},"12":{"start":{"line":13,"column":0},"end":{"line":13,"column":0}},"13":{"start":{"line":14,"column":0},"end":{"line":14,"column":34}},"14":{"start":{"line":15,"column":0},"end":{"line":15,"column":17}},"15":{"start":{"line":16,"column":0},"end":{"line":16,"column":52}},"16":{"start":{"line":17,"column":0},"end":{"line":17,"column":10}},"17":{"start":{"line":18,"column":0},"end":{"line":18,"column":53}},"18":{"start":{"line":19,"column":0},"end":{"line":19,"column":56}},"19":{"start":{"line":20,"column":0},"end":{"line":20,"column":53}},"20":{"start":{"line":21,"column":0},"end":{"line":21,"column":9}},"21":{"start":{"line":22,"column":0},"end":{"line":22,"column":17}},"22":{"start":{"line":23,"column":0},"end":{"line":23,"column":7}},"23":{"start":{"line":24,"column":0},"end":{"line":24,"column":5}},"24":{"start":{"line":25,"column":0},"end":{"line":25,"column":31}},"25":{"start":{"line":26,"column":0},"end":{"line":26,"column":3}},"26":{"start":{"line":27,"column":0},"end":{"line":27,"column":0}},"27":{"start":{"line":28,"column":0},"end":{"line":28,"column":50}},"28":{"start":{"line":29,"column":0},"end":{"line":29,"column":73}},"29":{"start":{"line":30,"column":0},"end":{"line":30,"column":3}},"30":{"start":{"line":31,"column":0},"end":{"line":31,"column":0}},"31":{"start":{"line":32,"column":0},"end":{"line":32,"column":28}},"32":{"start":{"line":33,"column":0},"end":{"line":33,"column":16}},"33":{"start":{"line":34,"column":0},"end":{"line":34,"column":46}},"34":{"start":{"line":35,"column":0},"end":{"line":35,"column":0}},"35":{"start":{"line":36,"column":0},"end":{"line":36,"column":58}},"36":{"start":{"line":37,"column":0},"end":{"line":37,"column":24}},"37":{"start":{"line":38,"column":0},"end":{"line":38,"column":52}},"38":{"start":{"line":39,"column":0},"end":{"line":39,"column":78}},"39":{"start":{"line":40,"column":0},"end":{"line":40,"column":83}},"40":{"start":{"line":41,"column":0},"end":{"line":41,"column":64}},"41":{"start":{"line":42,"column":0},"end":{"line":42,"column":80}},"42":{"start":{"line":43,"column":0},"end":{"line":43,"column":87}},"43":{"start":{"line":44,"column":0},"end":{"line":44,"column":67}},"44":{"start":{"line":45,"column":0},"end":{"line":45,"column":90}},"45":{"start":{"line":46,"column":0},"end":{"line":46,"column":47}},"46":{"start":{"line":47,"column":0},"end":{"line":47,"column":16}},"47":{"start":{"line":48,"column":0},"end":{"line":48,"column":79}},"48":{"start":{"line":49,"column":0},"end":{"line":49,"column":6}},"49":{"start":{"line":50,"column":0},"end":{"line":50,"column":0}},"50":{"start":{"line":51,"column":0},"end":{"line":51,"column":47}},"51":{"start":{"line":52,"column":0},"end":{"line":52,"column":82}},"52":{"start":{"line":53,"column":0},"end":{"line":53,"column":98}},"53":{"start":{"line":54,"column":0},"end":{"line":54,"column":95}},"54":{"start":{"line":55,"column":0},"end":{"line":55,"column":13}},"55":{"start":{"line":56,"column":0},"end":{"line":56,"column":27}},"56":{"start":{"line":57,"column":0},"end":{"line":57,"column":65}},"57":{"start":{"line":58,"column":0},"end":{"line":58,"column":7}},"58":{"start":{"line":59,"column":0},"end":{"line":59,"column":20}},"59":{"start":{"line":60,"column":0},"end":{"line":60,"column":24}},"60":{"start":{"line":61,"column":0},"end":{"line":61,"column":6}},"61":{"start":{"line":62,"column":0},"end":{"line":62,"column":0}},"62":{"start":{"line":63,"column":0},"end":{"line":63,"column":38}},"63":{"start":{"line":64,"column":0},"end":{"line":64,"column":74}},"64":{"start":{"line":65,"column":0},"end":{"line":65,"column":29}},"65":{"start":{"line":66,"column":0},"end":{"line":66,"column":36}},"66":{"start":{"line":67,"column":0},"end":{"line":67,"column":29}},"67":{"start":{"line":68,"column":0},"end":{"line":68,"column":21}},"68":{"start":{"line":69,"column":0},"end":{"line":69,"column":75}},"69":{"start":{"line":70,"column":0},"end":{"line":70,"column":76}},"70":{"start":{"line":71,"column":0},"end":{"line":71,"column":45}},"71":{"start":{"line":72,"column":0},"end":{"line":72,"column":80}},"72":{"start":{"line":73,"column":0},"end":{"line":73,"column":41}},"73":{"start":{"line":74,"column":0},"end":{"line":74,"column":12}},"74":{"start":{"line":75,"column":0},"end":{"line":75,"column":19}},"75":{"start":{"line":76,"column":0},"end":{"line":76,"column":77}},"76":{"start":{"line":77,"column":0},"end":{"line":77,"column":17}},"77":{"start":{"line":78,"column":0},"end":{"line":78,"column":11}},"78":{"start":{"line":79,"column":0},"end":{"line":79,"column":77}},"79":{"start":{"line":80,"column":0},"end":{"line":80,"column":14}},"80":{"start":{"line":81,"column":0},"end":{"line":81,"column":53}},"81":{"start":{"line":82,"column":0},"end":{"line":82,"column":51}},"82":{"start":{"line":83,"column":0},"end":{"line":83,"column":13}},"83":{"start":{"line":84,"column":0},"end":{"line":84,"column":26}},"84":{"start":{"line":85,"column":0},"end":{"line":85,"column":11}},"85":{"start":{"line":86,"column":0},"end":{"line":86,"column":47}},"86":{"start":{"line":87,"column":0},"end":{"line":87,"column":19}},"87":{"start":{"line":88,"column":0},"end":{"line":88,"column":9}},"88":{"start":{"line":89,"column":0},"end":{"line":89,"column":0}},"89":{"start":{"line":90,"column":0},"end":{"line":90,"column":81}},"90":{"start":{"line":91,"column":0},"end":{"line":91,"column":85}},"91":{"start":{"line":92,"column":0},"end":{"line":92,"column":56}},"92":{"start":{"line":93,"column":0},"end":{"line":93,"column":34}},"93":{"start":{"line":94,"column":0},"end":{"line":94,"column":7}},"94":{"start":{"line":95,"column":0},"end":{"line":95,"column":20}},"95":{"start":{"line":96,"column":0},"end":{"line":96,"column":5}},"96":{"start":{"line":97,"column":0},"end":{"line":97,"column":89}},"97":{"start":{"line":98,"column":0},"end":{"line":98,"column":31}},"98":{"start":{"line":99,"column":0},"end":{"line":99,"column":0}},"99":{"start":{"line":100,"column":0},"end":{"line":100,"column":17}},"100":{"start":{"line":101,"column":0},"end":{"line":101,"column":3}},"101":{"start":{"line":102,"column":0},"end":{"line":102,"column":1}}},"s":{"0":1,"1":1,"2":1,"3":1,"4":1,"5":1,"6":1,"7":1,"8":1,"9":1,"10":896,"11":896,"12":1,"13":1,"14":898,"15":898,"16":15037,"17":15037,"18":13944,"19":2275,"20":15037,"21":1125,"22":1125,"23":15037,"24":898,"25":898,"26":1,"27":1,"28":19691,"29":19691,"30":1,"31":1,"32":899,"33":899,"34":898,"35":898,"36":898,"37":898,"38":898,"39":898,"40":898,"41":898,"42":898,"43":898,"44":898,"45":898,"46":898,"47":898,"48":898,"49":898,"50":898,"51":11615,"52":11615,"53":11615,"54":11615,"55":11615,"56":19679,"57":11615,"58":11615,"59":11615,"60":11615,"61":898,"62":898,"63":898,"64":899,"65":14139,"66":13243,"67":13243,"68":13243,"69":13243,"70":13243,"71":13243,"72":13243,"73":13243,"74":13243,"75":13243,"76":13243,"77":13243,"78":2526,"79":2526,"80":2526,"81":2526,"82":2526,"83":2,"84":2,"85":2526,"86":2526,"87":2526,"88":10717,"89":10717,"90":10717,"91":10717,"92":10717,"93":10717,"94":11613,"95":11613,"96":898,"97":898,"98":898,"99":898,"100":899,"101":1},"branchMap":{"0":{"type":"branch","line":5,"loc":{"start":{"line":5,"column":0},"end":{"line":102,"column":1}},"locations":[{"start":{"line":5,"column":0},"end":{"line":102,"column":1}}]},"1":{"type":"branch","line":8,"loc":{"start":{"line":8,"column":2},"end":{"line":8,"column":18}},"locations":[{"start":{"line":8,"column":2},"end":{"line":8,"column":18}}]},"2":{"type":"branch","line":10,"loc":{"start":{"line":10,"column":2},"end":{"line":12,"column":3}},"locations":[{"start":{"line":10,"column":2},"end":{"line":12,"column":3}}]},"3":{"type":"branch","line":14,"loc":{"start":{"line":14,"column":2},"end":{"line":26,"column":3}},"locations":[{"start":{"line":14,"column":2},"end":{"line":26,"column":3}}]},"4":{"type":"branch","line":16,"loc":{"start":{"line":16,"column":51},"end":{"line":24,"column":5}},"locations":[{"start":{"line":16,"column":51},"end":{"line":24,"column":5}}]},"5":{"type":"branch","line":18,"loc":{"start":{"line":18,"column":49},"end":{"line":20,"column":53}},"locations":[{"start":{"line":18,"column":49},"end":{"line":20,"column":53}}]},"6":{"type":"branch","line":19,"loc":{"start":{"line":19,"column":52},"end":{"line":20,"column":53}},"locations":[{"start":{"line":19,"column":52},"end":{"line":20,"column":53}}]},"7":{"type":"branch","line":21,"loc":{"start":{"line":21,"column":8},"end":{"line":23,"column":7}},"locations":[{"start":{"line":21,"column":8},"end":{"line":23,"column":7}}]},"8":{"type":"branch","line":28,"loc":{"start":{"line":28,"column":9},"end":{"line":30,"column":3}},"locations":[{"start":{"line":28,"column":9},"end":{"line":30,"column":3}}]},"9":{"type":"branch","line":32,"loc":{"start":{"line":32,"column":2},"end":{"line":101,"column":3}},"locations":[{"start":{"line":32,"column":2},"end":{"line":101,"column":3}}]},"10":{"type":"branch","line":34,"loc":{"start":{"line":34,"column":36},"end":{"line":34,"column":46}},"locations":[{"start":{"line":34,"column":36},"end":{"line":34,"column":46}}]},"11":{"type":"branch","line":34,"loc":{"start":{"line":34,"column":44},"end":{"line":65,"column":28}},"locations":[{"start":{"line":34,"column":44},"end":{"line":65,"column":28}}]},"12":{"type":"branch","line":65,"loc":{"start":{"line":65,"column":28},"end":{"line":96,"column":5}},"locations":[{"start":{"line":65,"column":28},"end":{"line":96,"column":5}}]},"13":{"type":"branch","line":66,"loc":{"start":{"line":66,"column":35},"end":{"line":94,"column":7}},"locations":[{"start":{"line":66,"column":35},"end":{"line":94,"column":7}}]},"14":{"type":"branch","line":78,"loc":{"start":{"line":78,"column":10},"end":{"line":88,"column":9}},"locations":[{"start":{"line":78,"column":10},"end":{"line":88,"column":9}}]},"15":{"type":"branch","line":83,"loc":{"start":{"line":83,"column":12},"end":{"line":85,"column":11}},"locations":[{"start":{"line":83,"column":12},"end":{"line":85,"column":11}}]},"16":{"type":"branch","line":88,"loc":{"start":{"line":88,"column":8},"end":{"line":94,"column":7}},"locations":[{"start":{"line":88,"column":8},"end":{"line":94,"column":7}}]},"17":{"type":"branch","line":94,"loc":{"start":{"line":94,"column":6},"end":{"line":96,"column":5}},"locations":[{"start":{"line":94,"column":6},"end":{"line":96,"column":5}}]},"18":{"type":"branch","line":96,"loc":{"start":{"line":96,"column":4},"end":{"line":100,"column":17}},"locations":[{"start":{"line":96,"column":4},"end":{"line":100,"column":17}}]},"19":{"type":"branch","line":42,"loc":{"start":{"line":42,"column":40},"end":{"line":42,"column":78}},"locations":[{"start":{"line":42,"column":40},"end":{"line":42,"column":78}}]},"20":{"type":"branch","line":42,"loc":{"start":{"line":42,"column":60},"end":{"line":42,"column":78}},"locations":[{"start":{"line":42,"column":60},"end":{"line":42,"column":78}}]},"21":{"type":"branch","line":48,"loc":{"start":{"line":48,"column":6},"end":{"line":48,"column":79}},"locations":[{"start":{"line":48,"column":6},"end":{"line":48,"column":79}}]},"22":{"type":"branch","line":51,"loc":{"start":{"line":51,"column":27},"end":{"line":61,"column":6}},"locations":[{"start":{"line":51,"column":27},"end":{"line":61,"column":6}}]},"23":{"type":"branch","line":56,"loc":{"start":{"line":56,"column":23},"end":{"line":57,"column":65}},"locations":[{"start":{"line":56,"column":23},"end":{"line":57,"column":65}}]},"24":{"type":"branch","line":59,"loc":{"start":{"line":59,"column":8},"end":{"line":59,"column":20}},"locations":[{"start":{"line":59,"column":8},"end":{"line":59,"column":20}}]}},"b":{"0":[1],"1":[1],"2":[896],"3":[898],"4":[15037],"5":[13944],"6":[2275],"7":[1125],"8":[19691],"9":[899],"10":[1],"11":[898],"12":[14139],"13":[13243],"14":[2526],"15":[2],"16":[10717],"17":[11613],"18":[898],"19":[15037],"20":[3050],"21":[59185],"22":[11615],"23":[19679],"24":[8962]},"fnMap":{"0":{"name":"<instance_members_initializer>","decl":{"start":{"line":5,"column":0},"end":{"line":102,"column":1}},"loc":{"start":{"line":5,"column":0},"end":{"line":102,"column":1}},"line":5},"1":{"name":"GrahamScan","decl":{"start":{"line":8,"column":2},"end":{"line":8,"column":18}},"loc":{"start":{"line":8,"column":2},"end":{"line":8,"column":18}},"line":8},"2":{"name":"setVertices","decl":{"start":{"line":10,"column":2},"end":{"line":12,"column":3}},"loc":{"start":{"line":10,"column":2},"end":{"line":12,"column":3}},"line":10},"3":{"name":"getStartingHullPoint","decl":{"start":{"line":14,"column":2},"end":{"line":26,"column":3}},"loc":{"start":{"line":14,"column":2},"end":{"line":26,"column":3}},"line":14},"4":{"name":"ccw","decl":{"start":{"line":28,"column":9},"end":{"line":30,"column":3}},"loc":{"start":{"line":28,"column":9},"end":{"line":30,"column":3}},"line":28},"5":{"name":"generateHull","decl":{"start":{"line":32,"column":2},"end":{"line":101,"column":3}},"loc":{"start":{"line":32,"column":2},"end":{"line":101,"column":3}},"line":32},"6":{"name":"iterGrahamScan","decl":{"start":{"line":51,"column":27},"end":{"line":61,"column":6}},"loc":{"start":{"line":51,"column":27},"end":{"line":61,"column":6}},"line":51}},"f":{"0":1,"1":1,"2":896,"3":898,"4":19691,"5":899,"6":11615}}
,"C:\\Users\\marti\\OneDrive\\Desktop\\Martin\\projects\\misc\\graham-scan\\src\\helper.ts": {"path":"C:\\Users\\marti\\OneDrive\\Desktop\\Martin\\projects\\misc\\graham-scan\\src\\helper.ts","all":false,"statementMap":{"0":{"start":{"line":1,"column":0},"end":{"line":1,"column":42}},"1":{"start":{"line":2,"column":0},"end":{"line":2,"column":46}},"2":{"start":{"line":3,"column":0},"end":{"line":3,"column":32}},"3":{"start":{"line":4,"column":0},"end":{"line":4,"column":0}},"4":{"start":{"line":5,"column":0},"end":{"line":5,"column":68}},"5":{"start":{"line":6,"column":0},"end":{"line":6,"column":38}},"6":{"start":{"line":7,"column":0},"end":{"line":7,"column":1}},"7":{"start":{"line":8,"column":0},"end":{"line":8,"column":32}},"8":{"start":{"line":9,"column":0},"end":{"line":9,"column":44}},"9":{"start":{"line":10,"column":0},"end":{"line":10,"column":13}},"10":{"start":{"line":11,"column":0},"end":{"line":11,"column":36}},"11":{"start":{"line":12,"column":0},"end":{"line":12,"column":29}},"12":{"start":{"line":13,"column":0},"end":{"line":13,"column":0}},"13":{"start":{"line":14,"column":0},"end":{"line":14,"column":78}},"14":{"start":{"line":15,"column":0},"end":{"line":15,"column":31}},"15":{"start":{"line":16,"column":0},"end":{"line":16,"column":70}},"16":{"start":{"line":17,"column":0},"end":{"line":17,"column":0}},"17":{"start":{"line":18,"column":0},"end":{"line":18,"column":46}},"18":{"start":{"line":19,"column":0},"end":{"line":19,"column":59}},"19":{"start":{"line":20,"column":0},"end":{"line":20,"column":10}},"20":{"start":{"line":21,"column":0},"end":{"line":21,"column":42}},"21":{"start":{"line":22,"column":0},"end":{"line":22,"column":53}},"22":{"start":{"line":23,"column":0},"end":{"line":23,"column":3}},"23":{"start":{"line":24,"column":0},"end":{"line":24,"column":15}},"24":{"start":{"line":25,"column":0},"end":{"line":25,"column":1}},"25":{"start":{"line":26,"column":0},"end":{"line":26,"column":68}},"26":{"start":{"line":27,"column":0},"end":{"line":27,"column":28}},"27":{"start":{"line":28,"column":0},"end":{"line":28,"column":1}},"28":{"start":{"line":29,"column":0},"end":{"line":29,"column":73}},"29":{"start":{"line":30,"column":0},"end":{"line":30,"column":38}},"30":{"start":{"line":31,"column":0},"end":{"line":31,"column":1}},"31":{"start":{"line":32,"column":0},"end":{"line":32,"column":59}},"32":{"start":{"line":33,"column":0},"end":{"line":33,"column":45}},"33":{"start":{"line":34,"column":0},"end":{"line":34,"column":1}},"34":{"start":{"line":35,"column":0},"end":{"line":35,"column":0}},"35":{"start":{"line":36,"column":0},"end":{"line":36,"column":58}},"36":{"start":{"line":37,"column":0},"end":{"line":37,"column":37}},"37":{"start":{"line":38,"column":0},"end":{"line":38,"column":40}},"38":{"start":{"line":39,"column":0},"end":{"line":39,"column":74}},"39":{"start":{"line":40,"column":0},"end":{"line":40,"column":75}},"40":{"start":{"line":41,"column":0},"end":{"line":41,"column":42}},"41":{"start":{"line":42,"column":0},"end":{"line":42,"column":43}},"42":{"start":{"line":43,"column":0},"end":{"line":43,"column":3}},"43":{"start":{"line":44,"column":0},"end":{"line":44,"column":15}},"44":{"start":{"line":45,"column":0},"end":{"line":45,"column":1}},"45":{"start":{"line":46,"column":0},"end":{"line":46,"column":0}},"46":{"start":{"line":47,"column":0},"end":{"line":47,"column":38}},"47":{"start":{"line":48,"column":0},"end":{"line":48,"column":16}},"48":{"start":{"line":49,"column":0},"end":{"line":49,"column":45}},"49":{"start":{"line":50,"column":0},"end":{"line":50,"column":15}},"50":{"start":{"line":51,"column":0},"end":{"line":51,"column":1}},"51":{"start":{"line":52,"column":0},"end":{"line":52,"column":0}},"52":{"start":{"line":53,"column":0},"end":{"line":53,"column":47}},"53":{"start":{"line":54,"column":0},"end":{"line":54,"column":47}},"54":{"start":{"line":55,"column":0},"end":{"line":55,"column":16}},"55":{"start":{"line":56,"column":0},"end":{"line":56,"column":50}},"56":{"start":{"line":57,"column":0},"end":{"line":57,"column":46}},"57":{"start":{"line":58,"column":0},"end":{"line":58,"column":27}},"58":{"start":{"line":59,"column":0},"end":{"line":59,"column":25}},"59":{"start":{"line":60,"column":0},"end":{"line":60,"column":12}},"60":{"start":{"line":61,"column":0},"end":{"line":61,"column":44}},"61":{"start":{"line":62,"column":0},"end":{"line":62,"column":33}},"62":{"start":{"line":63,"column":0},"end":{"line":63,"column":39}},"63":{"start":{"line":64,"column":0},"end":{"line":64,"column":46}},"64":{"start":{"line":65,"column":0},"end":{"line":65,"column":7}},"65":{"start":{"line":66,"column":0},"end":{"line":66,"column":5}},"66":{"start":{"line":67,"column":0},"end":{"line":67,"column":4}},"67":{"start":{"line":68,"column":0},"end":{"line":68,"column":17}},"68":{"start":{"line":69,"column":0},"end":{"line":69,"column":15}},"69":{"start":{"line":70,"column":0},"end":{"line":70,"column":1}}},"s":{"0":1,"1":1,"2":1,"3":1,"4":1,"5":0,"6":0,"7":1,"8":142,"9":142,"10":142,"11":142,"12":142,"13":142,"14":142,"15":142,"16":142,"17":142,"18":142,"19":142,"20":0,"21":0,"22":0,"23":142,"24":142,"25":1,"26":5,"27":5,"28":1,"29":0,"30":0,"31":1,"32":888,"33":888,"34":1,"35":1,"36":7,"37":7,"38":7,"39":7,"40":7,"41":22,"42":22,"43":22,"44":22,"45":1,"46":1,"47":3,"48":3,"49":3,"50":3,"51":1,"52":1,"53":3,"54":3,"55":3,"56":3,"57":2087,"58":768,"59":2087,"60":1319,"61":2084,"62":2084,"63":2084,"64":2084,"65":1319,"66":2087,"67":3,"68":3,"69":3},"branchMap":{"0":{"type":"branch","line":8,"loc":{"start":{"line":8,"column":7},"end":{"line":25,"column":1}},"locations":[{"start":{"line":8,"column":7},"end":{"line":25,"column":1}}]},"1":{"type":"branch","line":11,"loc":{"start":{"line":11,"column":26},"end":{"line":11,"column":36}},"locations":[{"start":{"line":11,"column":26},"end":{"line":11,"column":36}}]},"2":{"type":"branch","line":16,"loc":{"start":{"line":16,"column":6},"end":{"line":16,"column":70}},"locations":[{"start":{"line":16,"column":6},"end":{"line":16,"column":70}}]},"3":{"type":"branch","line":19,"loc":{"start":{"line":19,"column":6},"end":{"line":19,"column":59}},"locations":[{"start":{"line":19,"column":6},"end":{"line":19,"column":59}}]},"4":{"type":"branch","line":20,"loc":{"start":{"line":20,"column":2},"end":{"line":23,"column":3}},"locations":[{"start":{"line":20,"column":2},"end":{"line":23,"column":3}}]},"5":{"type":"branch","line":14,"loc":{"start":{"line":14,"column":7},"end":{"line":14,"column":69}},"locations":[{"start":{"line":14,"column":7},"end":{"line":14,"column":69}}]},"6":{"type":"branch","line":26,"loc":{"start":{"line":26,"column":7},"end":{"line":28,"column":1}},"locations":[{"start":{"line":26,"column":7},"end":{"line":28,"column":1}}]},"7":{"type":"branch","line":32,"loc":{"start":{"line":32,"column":7},"end":{"line":34,"column":1}},"locations":[{"start":{"line":32,"column":7},"end":{"line":34,"column":1}}]},"8":{"type":"branch","line":33,"loc":{"start":{"line":33,"column":19},"end":{"line":33,"column":36}},"locations":[{"start":{"line":33,"column":19},"end":{"line":33,"column":36}}]},"9":{"type":"branch","line":36,"loc":{"start":{"line":36,"column":7},"end":{"line":45,"column":1}},"locations":[{"start":{"line":36,"column":7},"end":{"line":45,"column":1}}]},"10":{"type":"branch","line":37,"loc":{"start":{"line":37,"column":27},"end":{"line":37,"column":37}},"locations":[{"start":{"line":37,"column":27},"end":{"line":37,"column":37}}]},"11":{"type":"branch","line":40,"loc":{"start":{"line":40,"column":4},"end":{"line":40,"column":75}},"locations":[{"start":{"line":40,"column":4},"end":{"line":40,"column":75}}]},"12":{"type":"branch","line":41,"loc":{"start":{"line":41,"column":41},"end":{"line":45,"column":1}},"locations":[{"start":{"line":41,"column":41},"end":{"line":45,"column":1}}]},"13":{"type":"branch","line":39,"loc":{"start":{"line":39,"column":18},"end":{"line":39,"column":37}},"locations":[{"start":{"line":39,"column":18},"end":{"line":39,"column":37}}]},"14":{"type":"branch","line":39,"loc":{"start":{"line":39,"column":45},"end":{"line":39,"column":72}},"locations":[{"start":{"line":39,"column":45},"end":{"line":39,"column":72}}]},"15":{"type":"branch","line":42,"loc":{"start":{"line":42,"column":26},"end":{"line":42,"column":41}},"locations":[{"start":{"line":42,"column":26},"end":{"line":42,"column":41}}]},"16":{"type":"branch","line":47,"loc":{"start":{"line":47,"column":7},"end":{"line":51,"column":1}},"locations":[{"start":{"line":47,"column":7},"end":{"line":51,"column":1}}]},"17":{"type":"branch","line":49,"loc":{"start":{"line":49,"column":34},"end":{"line":49,"column":45}},"locations":[{"start":{"line":49,"column":34},"end":{"line":49,"column":45}}]},"18":{"type":"branch","line":53,"loc":{"start":{"line":53,"column":7},"end":{"line":70,"column":1}},"locations":[{"start":{"line":53,"column":7},"end":{"line":70,"column":1}}]},"19":{"type":"branch","line":57,"loc":{"start":{"line":57,"column":18},"end":{"line":67,"column":4}},"locations":[{"start":{"line":57,"column":18},"end":{"line":67,"column":4}}]},"20":{"type":"branch","line":58,"loc":{"start":{"line":58,"column":26},"end":{"line":60,"column":11}},"locations":[{"start":{"line":58,"column":26},"end":{"line":60,"column":11}}]},"21":{"type":"branch","line":60,"loc":{"start":{"line":60,"column":4},"end":{"line":66,"column":5}},"locations":[{"start":{"line":60,"column":4},"end":{"line":66,"column":5}}]},"22":{"type":"branch","line":61,"loc":{"start":{"line":61,"column":43},"end":{"line":65,"column":7}},"locations":[{"start":{"line":61,"column":43},"end":{"line":65,"column":7}}]}},"b":{"0":[142],"1":[0],"2":[0],"3":[10569],"4":[0],"5":[142],"6":[5],"7":[888],"8":[3523],"9":[7],"10":[0],"11":[0],"12":[22],"13":[14],"14":[14],"15":[44],"16":[3],"17":[8],"18":[3],"19":[2087],"20":[768],"21":[1319],"22":[2084]},"fnMap":{"0":{"name":"arrayToVert","decl":{"start":{"line":5,"column":7},"end":{"line":7,"column":1}},"loc":{"start":{"line":5,"column":7},"end":{"line":7,"column":1}},"line":5},"1":{"name":"arrayToVertices","decl":{"start":{"line":8,"column":7},"end":{"line":25,"column":1}},"loc":{"start":{"line":8,"column":7},"end":{"line":25,"column":1}},"line":8},"2":{"name":"vertToArray","decl":{"start":{"line":26,"column":7},"end":{"line":28,"column":1}},"loc":{"start":{"line":26,"column":7},"end":{"line":28,"column":1}},"line":26},"3":{"name":"vertsToArray","decl":{"start":{"line":29,"column":7},"end":{"line":31,"column":1}},"loc":{"start":{"line":29,"column":7},"end":{"line":31,"column":1}},"line":29},"4":{"name":"vertsToFlArray","decl":{"start":{"line":32,"column":7},"end":{"line":34,"column":1}},"loc":{"start":{"line":32,"column":7},"end":{"line":34,"column":1}},"line":32},"5":{"name":"zip","decl":{"start":{"line":36,"column":7},"end":{"line":45,"column":1}},"loc":{"start":{"line":36,"column":7},"end":{"line":45,"column":1}},"line":36},"6":{"name":"factorial","decl":{"start":{"line":47,"column":7},"end":{"line":51,"column":1}},"loc":{"start":{"line":47,"column":7},"end":{"line":51,"column":1}},"line":47},"7":{"name":"permute","decl":{"start":{"line":53,"column":7},"end":{"line":70,"column":1}},"loc":{"start":{"line":53,"column":7},"end":{"line":70,"column":1}},"line":53},"8":{"name":"permute2","decl":{"start":{"line":57,"column":18},"end":{"line":67,"column":4}},"loc":{"start":{"line":57,"column":18},"end":{"line":67,"column":4}},"line":57}},"f":{"0":0,"1":142,"2":5,"3":0,"4":888,"5":7,"6":3,"7":3,"8":2087}}
,"C:\\Users\\marti\\OneDrive\\Desktop\\Martin\\projects\\misc\\graham-scan\\src\\main.ts": {"path":"C:\\Users\\marti\\OneDrive\\Desktop\\Martin\\projects\\misc\\graham-scan\\src\\main.ts","all":true,"statementMap":{"0":{"start":{"line":1,"column":0},"end":{"line":1,"column":21}},"1":{"start":{"line":2,"column":0},"end":{"line":2,"column":38}},"2":{"start":{"line":3,"column":0},"end":{"line":3,"column":74}},"3":{"start":{"line":4,"column":0},"end":{"line":4,"column":55}},"4":{"start":{"line":5,"column":0},"end":{"line":5,"column":0}},"5":{"start":{"line":6,"column":0},"end":{"line":6,"column":30}},"6":{"start":{"line":7,"column":0},"end":{"line":7,"column":48}},"7":{"start":{"line":8,"column":0},"end":{"line":8,"column":18}},"8":{"start":{"line":9,"column":0},"end":{"line":9,"column":26}},"9":{"start":{"line":10,"column":0},"end":{"line":10,"column":31}},"10":{"start":{"line":11,"column":0},"end":{"line":11,"column":34}},"11":{"start":{"line":12,"column":0},"end":{"line":12,"column":5}},"12":{"start":{"line":13,"column":0},"end":{"line":13,"column":41}},"13":{"start":{"line":14,"column":0},"end":{"line":14,"column":80}},"14":{"start":{"line":15,"column":0},"end":{"line":15,"column":18}},"15":{"start":{"line":16,"column":0},"end":{"line":16,"column":23}},"16":{"start":{"line":17,"column":0},"end":{"line":17,"column":26}},"17":{"start":{"line":18,"column":0},"end":{"line":18,"column":19}},"18":{"start":{"line":19,"column":0},"end":{"line":19,"column":23}},"19":{"start":{"line":20,"column":0},"end":{"line":20,"column":3}},"20":{"start":{"line":21,"column":0},"end":{"line":21,"column":33}},"21":{"start":{"line":22,"column":0},"end":{"line":22,"column":18}},"22":{"start":{"line":23,"column":0},"end":{"line":23,"column":0}},"23":{"start":{"line":24,"column":0},"end":{"line":24,"column":45}},"24":{"start":{"line":25,"column":0},"end":{"line":25,"column":26}},"25":{"start":{"line":26,"column":0},"end":{"line":26,"column":32}}},"s":{"0":0,"1":0,"2":0,"3":0,"4":0,"5":0,"6":0,"7":0,"8":0,"9":0,"10":0,"11":0,"12":0,"13":0,"14":0,"15":0,"16":0,"17":0,"18":0,"19":0,"20":0,"21":0,"22":0,"23":0,"24":0,"25":0},"branchMap":{"0":{"type":"branch","line":1,"loc":{"start":{"line":1,"column":0},"end":{"line":26,"column":32}},"locations":[{"start":{"line":1,"column":0},"end":{"line":26,"column":32}}]}},"b":{"0":[0]},"fnMap":{"0":{"name":"(empty-report)","decl":{"start":{"line":1,"column":0},"end":{"line":26,"column":32}},"loc":{"start":{"line":1,"column":0},"end":{"line":26,"column":32}},"line":1}},"f":{"0":0}}
}
